<?xml version="1.0" encoding="UTF-8"?>
<testsuite name="Utest Academy" tests="1" skipped="0" failures="0" errors="0" timestamp="2020-11-25T01:38:30" hostname="DESKTOP-A3JK0MA" time="67.713">
  <properties/>
  <testcase name="Join the world's largest community of testers" classname="Utest Academy" time="67.713"/>
  <system-out><![CDATA[]]></system-out>
  <system-err><![CDATA[[Test worker] WARN net.thucydides.core.steps.BaseStepListener - stepStarted: net.thucydides.core.steps.ExecutedStepDescription@6b5c3c6b
[Test worker] WARN net.thucydides.core.steps.BaseStepListener - stepStarted: net.thucydides.core.steps.ExecutedStepDescription@4d9f5fda
[Test worker] WARN net.thucydides.core.steps.BaseStepListener - stepStarted: net.thucydides.core.steps.ExecutedStepDescription@2a5e51b5
nov 24, 2020 8:38:31 PM org.openqa.selenium.remote.DesiredCapabilities chrome
INFORMACIÓN: Using `new ChromeOptions()` is preferred to `DesiredCapabilities.chrome()`
[Test worker] INFO net.serenitybdd.core.webdriver.driverproviders.ProvideNewDriver - Instantiating driver
[Test worker] INFO net.serenitybdd.core.webdriver.driverproviders.ProvideNewDriver - Driver capabilities: Capabilities {acceptInsecureCerts: false, browserName: chrome, chrome.switches: --start-maximized, goog:chromeOptions: {args: [--start-maximized], extensions: []}, loggingPrefs: org.openqa.selenium.logging..., platform: ANY, version: }
Starting ChromeDriver 86.0.4240.22 (398b0743353ff36fb1b82468f63a3a93b4e2e89e-refs/branch-heads/4240@{#378}) on port 36499
Only local connections are allowed.
Please see https://chromedriver.chromium.org/security-considerations for suggestions on keeping ChromeDriver safe.
ChromeDriver was started successfully.
[1606268313.929][WARNING]: This version of ChromeDriver has not been tested with Chrome version 87.
nov 24, 2020 8:38:35 PM org.openqa.selenium.remote.ProtocolHandshake createSession
INFORMACIÓN: Detected dialect: W3C
[Test worker] WARN net.thucydides.core.steps.BaseStepListener - stepFinished: current outcome:Join the world's largest community of testers:Given than Daniel wants to be part of the world's largest independent software tester community
| strFirstName | strLastName | strEmailAddress | strMonthOfBird | intDayOfBird | intYearOfBird | strCity | intPostalCode | strCountry | strYourComputer | intVersion | strLanguage | strYourMobileDevice | strModel | strOperatingSystem | strPassword | strConfirmPassword |
| Daniel | Gallego | asddaeqe123-@yopmail.com | December | 18 | 1995 | Medellin | 050016 | Colombia | Windows | 10 | Spanish | Samsung | S20 Plus | Android 10 | 1026154371.Dego* | 1026154371.Dego* | [Daniel open up [Daniel opens the Utest academy page]]
[Test worker] WARN net.thucydides.core.steps.BaseStepListener - stepFinished: current outcome:Join the world's largest community of testers:Given than Daniel wants to be part of the world's largest independent software tester community
| strFirstName | strLastName | strEmailAddress | strMonthOfBird | intDayOfBird | intYearOfBird | strCity | intPostalCode | strCountry | strYourComputer | intVersion | strLanguage | strYourMobileDevice | strModel | strOperatingSystem | strPassword | strConfirmPassword |
| Daniel | Gallego | asddaeqe123-@yopmail.com | December | 18 | 1995 | Medellin | 050016 | Colombia | Windows | 10 | Spanish | Samsung | S20 Plus | Android 10 | 1026154371.Dego* | 1026154371.Dego* | [Daniel open up [Daniel opens the Utest academy page]]
[Test worker] WARN net.thucydides.core.steps.BaseStepListener - stepStarted: net.thucydides.core.steps.ExecutedStepDescription@6a89cff
[Test worker] WARN net.thucydides.core.steps.BaseStepListener - stepStarted: net.thucydides.core.steps.ExecutedStepDescription@5318105f
[Test worker] WARN net.thucydides.core.steps.BaseStepListener - stepFinished: current outcome:Join the world's largest community of testers:Given than Daniel wants to be part of the world's largest independent software tester community
| strFirstName | strLastName | strEmailAddress | strMonthOfBird | intDayOfBird | intYearOfBird | strCity | intPostalCode | strCountry | strYourComputer | intVersion | strLanguage | strYourMobileDevice | strModel | strOperatingSystem | strPassword | strConfirmPassword |
| Daniel | Gallego | asddaeqe123-@yopmail.com | December | 18 | 1995 | Medellin | 050016 | Colombia | Windows | 10 | Spanish | Samsung | S20 Plus | Android 10 | 1026154371.Dego* | 1026154371.Dego* | [Daniel open up [Daniel opens the Utest academy page], Daniel join [Daniel clicks on button that shows us the form to JOIN]]
[Test worker] WARN net.thucydides.core.steps.BaseStepListener - stepStarted: net.thucydides.core.steps.ExecutedStepDescription@167b1c5f
[Test worker] WARN net.thucydides.core.steps.BaseStepListener - stepFinished: current outcome:Join the world's largest community of testers:Given than Daniel wants to be part of the world's largest independent software tester community
| strFirstName | strLastName | strEmailAddress | strMonthOfBird | intDayOfBird | intYearOfBird | strCity | intPostalCode | strCountry | strYourComputer | intVersion | strLanguage | strYourMobileDevice | strModel | strOperatingSystem | strPassword | strConfirmPassword |
| Daniel | Gallego | asddaeqe123-@yopmail.com | December | 18 | 1995 | Medellin | 050016 | Colombia | Windows | 10 | Spanish | Samsung | S20 Plus | Android 10 | 1026154371.Dego* | 1026154371.Dego* | [Daniel open up [Daniel opens the Utest academy page], Daniel join [Daniel clicks on button that shows us the form to JOIN, Daniel enters 'Daniel' into input for first name]]
[Test worker] WARN net.thucydides.core.steps.BaseStepListener - stepStarted: net.thucydides.core.steps.ExecutedStepDescription@a0428b
[Test worker] WARN net.thucydides.core.steps.BaseStepListener - stepFinished: current outcome:Join the world's largest community of testers:Given than Daniel wants to be part of the world's largest independent software tester community
| strFirstName | strLastName | strEmailAddress | strMonthOfBird | intDayOfBird | intYearOfBird | strCity | intPostalCode | strCountry | strYourComputer | intVersion | strLanguage | strYourMobileDevice | strModel | strOperatingSystem | strPassword | strConfirmPassword |
| Daniel | Gallego | asddaeqe123-@yopmail.com | December | 18 | 1995 | Medellin | 050016 | Colombia | Windows | 10 | Spanish | Samsung | S20 Plus | Android 10 | 1026154371.Dego* | 1026154371.Dego* | [Daniel open up [Daniel opens the Utest academy page], Daniel join [Daniel clicks on button that shows us the form to JOIN, Daniel enters 'Daniel' into input for first name, Daniel enters 'Gallego' into input for lastname]]
[Test worker] WARN net.thucydides.core.steps.BaseStepListener - stepStarted: net.thucydides.core.steps.ExecutedStepDescription@36c148e
[Test worker] WARN net.thucydides.core.steps.BaseStepListener - stepFinished: current outcome:Join the world's largest community of testers:Given than Daniel wants to be part of the world's largest independent software tester community
| strFirstName | strLastName | strEmailAddress | strMonthOfBird | intDayOfBird | intYearOfBird | strCity | intPostalCode | strCountry | strYourComputer | intVersion | strLanguage | strYourMobileDevice | strModel | strOperatingSystem | strPassword | strConfirmPassword |
| Daniel | Gallego | asddaeqe123-@yopmail.com | December | 18 | 1995 | Medellin | 050016 | Colombia | Windows | 10 | Spanish | Samsung | S20 Plus | Android 10 | 1026154371.Dego* | 1026154371.Dego* | [Daniel open up [Daniel opens the Utest academy page], Daniel join [Daniel clicks on button that shows us the form to JOIN, Daniel enters 'Daniel' into input for first name, Daniel enters 'Gallego' into input for lastname, Daniel enters 'asddaeqe123-@yopmail.com' into input for email address]]
[Test worker] WARN net.thucydides.core.steps.BaseStepListener - stepStarted: net.thucydides.core.steps.ExecutedStepDescription@546dd84d
[Test worker] WARN net.thucydides.core.steps.BaseStepListener - stepFinished: current outcome:Join the world's largest community of testers:Given than Daniel wants to be part of the world's largest independent software tester community
| strFirstName | strLastName | strEmailAddress | strMonthOfBird | intDayOfBird | intYearOfBird | strCity | intPostalCode | strCountry | strYourComputer | intVersion | strLanguage | strYourMobileDevice | strModel | strOperatingSystem | strPassword | strConfirmPassword |
| Daniel | Gallego | asddaeqe123-@yopmail.com | December | 18 | 1995 | Medellin | 050016 | Colombia | Windows | 10 | Spanish | Samsung | S20 Plus | Android 10 | 1026154371.Dego* | 1026154371.Dego* | [Daniel open up [Daniel opens the Utest academy page], Daniel join [Daniel clicks on button that shows us the form to JOIN, Daniel enters 'Daniel' into input for first name, Daniel enters 'Gallego' into input for lastname, Daniel enters 'asddaeqe123-@yopmail.com' into input for email address, Daniel select December on input for month of birth]]
[Test worker] WARN net.thucydides.core.steps.BaseStepListener - stepStarted: net.thucydides.core.steps.ExecutedStepDescription@643af7cb
[Test worker] WARN net.thucydides.core.steps.BaseStepListener - stepFinished: current outcome:Join the world's largest community of testers:Given than Daniel wants to be part of the world's largest independent software tester community
| strFirstName | strLastName | strEmailAddress | strMonthOfBird | intDayOfBird | intYearOfBird | strCity | intPostalCode | strCountry | strYourComputer | intVersion | strLanguage | strYourMobileDevice | strModel | strOperatingSystem | strPassword | strConfirmPassword |
| Daniel | Gallego | asddaeqe123-@yopmail.com | December | 18 | 1995 | Medellin | 050016 | Colombia | Windows | 10 | Spanish | Samsung | S20 Plus | Android 10 | 1026154371.Dego* | 1026154371.Dego* | [Daniel open up [Daniel opens the Utest academy page], Daniel join [Daniel clicks on button that shows us the form to JOIN, Daniel enters 'Daniel' into input for first name, Daniel enters 'Gallego' into input for lastname, Daniel enters 'asddaeqe123-@yopmail.com' into input for email address, Daniel select December on input for month of birth, Daniel select 18 on input for day of birth]]
[Test worker] WARN net.thucydides.core.steps.BaseStepListener - stepStarted: net.thucydides.core.steps.ExecutedStepDescription@11c30ea7
[Test worker] WARN net.thucydides.core.steps.BaseStepListener - stepFinished: current outcome:Join the world's largest community of testers:Given than Daniel wants to be part of the world's largest independent software tester community
| strFirstName | strLastName | strEmailAddress | strMonthOfBird | intDayOfBird | intYearOfBird | strCity | intPostalCode | strCountry | strYourComputer | intVersion | strLanguage | strYourMobileDevice | strModel | strOperatingSystem | strPassword | strConfirmPassword |
| Daniel | Gallego | asddaeqe123-@yopmail.com | December | 18 | 1995 | Medellin | 050016 | Colombia | Windows | 10 | Spanish | Samsung | S20 Plus | Android 10 | 1026154371.Dego* | 1026154371.Dego* | [Daniel open up [Daniel opens the Utest academy page], Daniel join [Daniel clicks on button that shows us the form to JOIN, Daniel enters 'Daniel' into input for first name, Daniel enters 'Gallego' into input for lastname, Daniel enters 'asddaeqe123-@yopmail.com' into input for email address, Daniel select December on input for month of birth, Daniel select 18 on input for day of birth, Daniel select 1995 on input for year of bearth]]
[Test worker] WARN net.thucydides.core.steps.BaseStepListener - stepStarted: net.thucydides.core.steps.ExecutedStepDescription@2de94080
[Test worker] WARN net.thucydides.core.steps.BaseStepListener - stepFinished: current outcome:Join the world's largest community of testers:Given than Daniel wants to be part of the world's largest independent software tester community
| strFirstName | strLastName | strEmailAddress | strMonthOfBird | intDayOfBird | intYearOfBird | strCity | intPostalCode | strCountry | strYourComputer | intVersion | strLanguage | strYourMobileDevice | strModel | strOperatingSystem | strPassword | strConfirmPassword |
| Daniel | Gallego | asddaeqe123-@yopmail.com | December | 18 | 1995 | Medellin | 050016 | Colombia | Windows | 10 | Spanish | Samsung | S20 Plus | Android 10 | 1026154371.Dego* | 1026154371.Dego* | [Daniel open up [Daniel opens the Utest academy page], Daniel join [Daniel clicks on button that shows us the form to JOIN, Daniel enters 'Daniel' into input for first name, Daniel enters 'Gallego' into input for lastname, Daniel enters 'asddaeqe123-@yopmail.com' into input for email address, Daniel select December on input for month of birth, Daniel select 18 on input for day of birth, Daniel select 1995 on input for year of bearth, Daniel clicks on button for next page]]
[Test worker] WARN net.thucydides.core.steps.BaseStepListener - stepStarted: net.thucydides.core.steps.ExecutedStepDescription@56dc99f4
[Test worker] WARN net.thucydides.core.steps.BaseStepListener - stepFinished: current outcome:Join the world's largest community of testers:Given than Daniel wants to be part of the world's largest independent software tester community
| strFirstName | strLastName | strEmailAddress | strMonthOfBird | intDayOfBird | intYearOfBird | strCity | intPostalCode | strCountry | strYourComputer | intVersion | strLanguage | strYourMobileDevice | strModel | strOperatingSystem | strPassword | strConfirmPassword |
| Daniel | Gallego | asddaeqe123-@yopmail.com | December | 18 | 1995 | Medellin | 050016 | Colombia | Windows | 10 | Spanish | Samsung | S20 Plus | Android 10 | 1026154371.Dego* | 1026154371.Dego* | [Daniel open up [Daniel opens the Utest academy page], Daniel join [Daniel clicks on button that shows us the form to JOIN, Daniel enters 'Daniel' into input for first name, Daniel enters 'Gallego' into input for lastname, Daniel enters 'asddaeqe123-@yopmail.com' into input for email address, Daniel select December on input for month of birth, Daniel select 18 on input for day of birth, Daniel select 1995 on input for year of bearth, Daniel clicks on button for next page, Daniel enters 'Medellin' into input for city]]
[Test worker] WARN net.thucydides.core.steps.BaseStepListener - stepStarted: net.thucydides.core.steps.ExecutedStepDescription@2e2365ee
[Test worker] WARN net.thucydides.core.steps.BaseStepListener - stepFinished: current outcome:Join the world's largest community of testers:Given than Daniel wants to be part of the world's largest independent software tester community
| strFirstName | strLastName | strEmailAddress | strMonthOfBird | intDayOfBird | intYearOfBird | strCity | intPostalCode | strCountry | strYourComputer | intVersion | strLanguage | strYourMobileDevice | strModel | strOperatingSystem | strPassword | strConfirmPassword |
| Daniel | Gallego | asddaeqe123-@yopmail.com | December | 18 | 1995 | Medellin | 050016 | Colombia | Windows | 10 | Spanish | Samsung | S20 Plus | Android 10 | 1026154371.Dego* | 1026154371.Dego* | [Daniel open up [Daniel opens the Utest academy page], Daniel join [Daniel clicks on button that shows us the form to JOIN, Daniel enters 'Daniel' into input for first name, Daniel enters 'Gallego' into input for lastname, Daniel enters 'asddaeqe123-@yopmail.com' into input for email address, Daniel select December on input for month of birth, Daniel select 18 on input for day of birth, Daniel select 1995 on input for year of bearth, Daniel clicks on button for next page, Daniel enters 'Medellin' into input for city, Daniel enters '50016' into input for postal code]]
[Test worker] WARN net.thucydides.core.steps.BaseStepListener - stepStarted: net.thucydides.core.steps.ExecutedStepDescription@29d71196
[Test worker] WARN net.thucydides.core.steps.BaseStepListener - stepFinished: current outcome:Join the world's largest community of testers:Given than Daniel wants to be part of the world's largest independent software tester community
| strFirstName | strLastName | strEmailAddress | strMonthOfBird | intDayOfBird | intYearOfBird | strCity | intPostalCode | strCountry | strYourComputer | intVersion | strLanguage | strYourMobileDevice | strModel | strOperatingSystem | strPassword | strConfirmPassword |
| Daniel | Gallego | asddaeqe123-@yopmail.com | December | 18 | 1995 | Medellin | 050016 | Colombia | Windows | 10 | Spanish | Samsung | S20 Plus | Android 10 | 1026154371.Dego* | 1026154371.Dego* | [Daniel open up [Daniel opens the Utest academy page], Daniel join [Daniel clicks on button that shows us the form to JOIN, Daniel enters 'Daniel' into input for first name, Daniel enters 'Gallego' into input for lastname, Daniel enters 'asddaeqe123-@yopmail.com' into input for email address, Daniel select December on input for month of birth, Daniel select 18 on input for day of birth, Daniel select 1995 on input for year of bearth, Daniel clicks on button for next page, Daniel enters 'Medellin' into input for city, Daniel enters '50016' into input for postal code, Daniel clicks on box for country]]
[Test worker] WARN net.thucydides.core.steps.BaseStepListener - stepStarted: net.thucydides.core.steps.ExecutedStepDescription@74c6be97
[Test worker] WARN net.thucydides.core.steps.BaseStepListener - stepFinished: current outcome:Join the world's largest community of testers:Given than Daniel wants to be part of the world's largest independent software tester community
| strFirstName | strLastName | strEmailAddress | strMonthOfBird | intDayOfBird | intYearOfBird | strCity | intPostalCode | strCountry | strYourComputer | intVersion | strLanguage | strYourMobileDevice | strModel | strOperatingSystem | strPassword | strConfirmPassword |
| Daniel | Gallego | asddaeqe123-@yopmail.com | December | 18 | 1995 | Medellin | 050016 | Colombia | Windows | 10 | Spanish | Samsung | S20 Plus | Android 10 | 1026154371.Dego* | 1026154371.Dego* | [Daniel open up [Daniel opens the Utest academy page], Daniel join [Daniel clicks on button that shows us the form to JOIN, Daniel enters 'Daniel' into input for first name, Daniel enters 'Gallego' into input for lastname, Daniel enters 'asddaeqe123-@yopmail.com' into input for email address, Daniel select December on input for month of birth, Daniel select 18 on input for day of birth, Daniel select 1995 on input for year of bearth, Daniel clicks on button for next page, Daniel enters 'Medellin' into input for city, Daniel enters '50016' into input for postal code, Daniel clicks on box for country, Daniel clicks on item of list of countries]]
[Test worker] WARN net.thucydides.core.steps.BaseStepListener - stepStarted: net.thucydides.core.steps.ExecutedStepDescription@3d2381f8
[Test worker] WARN net.thucydides.core.steps.BaseStepListener - stepFinished: current outcome:Join the world's largest community of testers:Given than Daniel wants to be part of the world's largest independent software tester community
| strFirstName | strLastName | strEmailAddress | strMonthOfBird | intDayOfBird | intYearOfBird | strCity | intPostalCode | strCountry | strYourComputer | intVersion | strLanguage | strYourMobileDevice | strModel | strOperatingSystem | strPassword | strConfirmPassword |
| Daniel | Gallego | asddaeqe123-@yopmail.com | December | 18 | 1995 | Medellin | 050016 | Colombia | Windows | 10 | Spanish | Samsung | S20 Plus | Android 10 | 1026154371.Dego* | 1026154371.Dego* | [Daniel open up [Daniel opens the Utest academy page], Daniel join [Daniel clicks on button that shows us the form to JOIN, Daniel enters 'Daniel' into input for first name, Daniel enters 'Gallego' into input for lastname, Daniel enters 'asddaeqe123-@yopmail.com' into input for email address, Daniel select December on input for month of birth, Daniel select 18 on input for day of birth, Daniel select 1995 on input for year of bearth, Daniel clicks on button for next page, Daniel enters 'Medellin' into input for city, Daniel enters '50016' into input for postal code, Daniel clicks on box for country, Daniel clicks on item of list of countries, Daniel clicks on button for next page]]
[Test worker] WARN net.thucydides.core.steps.BaseStepListener - stepStarted: net.thucydides.core.steps.ExecutedStepDescription@57bdc191
[Test worker] WARN net.thucydides.core.steps.BaseStepListener - stepFinished: current outcome:Join the world's largest community of testers:Given than Daniel wants to be part of the world's largest independent software tester community
| strFirstName | strLastName | strEmailAddress | strMonthOfBird | intDayOfBird | intYearOfBird | strCity | intPostalCode | strCountry | strYourComputer | intVersion | strLanguage | strYourMobileDevice | strModel | strOperatingSystem | strPassword | strConfirmPassword |
| Daniel | Gallego | asddaeqe123-@yopmail.com | December | 18 | 1995 | Medellin | 050016 | Colombia | Windows | 10 | Spanish | Samsung | S20 Plus | Android 10 | 1026154371.Dego* | 1026154371.Dego* | [Daniel open up [Daniel opens the Utest academy page], Daniel join [Daniel clicks on button that shows us the form to JOIN, Daniel enters 'Daniel' into input for first name, Daniel enters 'Gallego' into input for lastname, Daniel enters 'asddaeqe123-@yopmail.com' into input for email address, Daniel select December on input for month of birth, Daniel select 18 on input for day of birth, Daniel select 1995 on input for year of bearth, Daniel clicks on button for next page, Daniel enters 'Medellin' into input for city, Daniel enters '50016' into input for postal code, Daniel clicks on box for country, Daniel clicks on item of list of countries, Daniel clicks on button for next page, Daniel clicks on box for mobile device]]
[Test worker] WARN net.thucydides.core.steps.BaseStepListener - stepStarted: net.thucydides.core.steps.ExecutedStepDescription@1ce15f3e
[Test worker] WARN net.thucydides.core.steps.BaseStepListener - stepFinished: current outcome:Join the world's largest community of testers:Given than Daniel wants to be part of the world's largest independent software tester community
| strFirstName | strLastName | strEmailAddress | strMonthOfBird | intDayOfBird | intYearOfBird | strCity | intPostalCode | strCountry | strYourComputer | intVersion | strLanguage | strYourMobileDevice | strModel | strOperatingSystem | strPassword | strConfirmPassword |
| Daniel | Gallego | asddaeqe123-@yopmail.com | December | 18 | 1995 | Medellin | 050016 | Colombia | Windows | 10 | Spanish | Samsung | S20 Plus | Android 10 | 1026154371.Dego* | 1026154371.Dego* | [Daniel open up [Daniel opens the Utest academy page], Daniel join [Daniel clicks on button that shows us the form to JOIN, Daniel enters 'Daniel' into input for first name, Daniel enters 'Gallego' into input for lastname, Daniel enters 'asddaeqe123-@yopmail.com' into input for email address, Daniel select December on input for month of birth, Daniel select 18 on input for day of birth, Daniel select 1995 on input for year of bearth, Daniel clicks on button for next page, Daniel enters 'Medellin' into input for city, Daniel enters '50016' into input for postal code, Daniel clicks on box for country, Daniel clicks on item of list of countries, Daniel clicks on button for next page, Daniel clicks on box for mobile device, Daniel clicks on item of list of devices]]
[Test worker] WARN net.thucydides.core.steps.BaseStepListener - stepStarted: net.thucydides.core.steps.ExecutedStepDescription@1bb09796
[Test worker] WARN net.thucydides.core.steps.BaseStepListener - stepFinished: current outcome:Join the world's largest community of testers:Given than Daniel wants to be part of the world's largest independent software tester community
| strFirstName | strLastName | strEmailAddress | strMonthOfBird | intDayOfBird | intYearOfBird | strCity | intPostalCode | strCountry | strYourComputer | intVersion | strLanguage | strYourMobileDevice | strModel | strOperatingSystem | strPassword | strConfirmPassword |
| Daniel | Gallego | asddaeqe123-@yopmail.com | December | 18 | 1995 | Medellin | 050016 | Colombia | Windows | 10 | Spanish | Samsung | S20 Plus | Android 10 | 1026154371.Dego* | 1026154371.Dego* | [Daniel open up [Daniel opens the Utest academy page], Daniel join [Daniel clicks on button that shows us the form to JOIN, Daniel enters 'Daniel' into input for first name, Daniel enters 'Gallego' into input for lastname, Daniel enters 'asddaeqe123-@yopmail.com' into input for email address, Daniel select December on input for month of birth, Daniel select 18 on input for day of birth, Daniel select 1995 on input for year of bearth, Daniel clicks on button for next page, Daniel enters 'Medellin' into input for city, Daniel enters '50016' into input for postal code, Daniel clicks on box for country, Daniel clicks on item of list of countries, Daniel clicks on button for next page, Daniel clicks on box for mobile device, Daniel clicks on item of list of devices, Daniel clicks on box for model device]]
[Test worker] WARN net.thucydides.core.steps.BaseStepListener - stepStarted: net.thucydides.core.steps.ExecutedStepDescription@1ea8adb2
[Test worker] WARN net.thucydides.core.steps.BaseStepListener - stepFinished: current outcome:Join the world's largest community of testers:Given than Daniel wants to be part of the world's largest independent software tester community
| strFirstName | strLastName | strEmailAddress | strMonthOfBird | intDayOfBird | intYearOfBird | strCity | intPostalCode | strCountry | strYourComputer | intVersion | strLanguage | strYourMobileDevice | strModel | strOperatingSystem | strPassword | strConfirmPassword |
| Daniel | Gallego | asddaeqe123-@yopmail.com | December | 18 | 1995 | Medellin | 050016 | Colombia | Windows | 10 | Spanish | Samsung | S20 Plus | Android 10 | 1026154371.Dego* | 1026154371.Dego* | [Daniel open up [Daniel opens the Utest academy page], Daniel join [Daniel clicks on button that shows us the form to JOIN, Daniel enters 'Daniel' into input for first name, Daniel enters 'Gallego' into input for lastname, Daniel enters 'asddaeqe123-@yopmail.com' into input for email address, Daniel select December on input for month of birth, Daniel select 18 on input for day of birth, Daniel select 1995 on input for year of bearth, Daniel clicks on button for next page, Daniel enters 'Medellin' into input for city, Daniel enters '50016' into input for postal code, Daniel clicks on box for country, Daniel clicks on item of list of countries, Daniel clicks on button for next page, Daniel clicks on box for mobile device, Daniel clicks on item of list of devices, Daniel clicks on box for model device, Daniel clicks on item of list for model device]]
[Test worker] WARN net.thucydides.core.steps.BaseStepListener - stepStarted: net.thucydides.core.steps.ExecutedStepDescription@356fffc7
[Test worker] WARN net.thucydides.core.steps.BaseStepListener - stepFinished: current outcome:Join the world's largest community of testers:Given than Daniel wants to be part of the world's largest independent software tester community
| strFirstName | strLastName | strEmailAddress | strMonthOfBird | intDayOfBird | intYearOfBird | strCity | intPostalCode | strCountry | strYourComputer | intVersion | strLanguage | strYourMobileDevice | strModel | strOperatingSystem | strPassword | strConfirmPassword |
| Daniel | Gallego | asddaeqe123-@yopmail.com | December | 18 | 1995 | Medellin | 050016 | Colombia | Windows | 10 | Spanish | Samsung | S20 Plus | Android 10 | 1026154371.Dego* | 1026154371.Dego* | [Daniel open up [Daniel opens the Utest academy page], Daniel join [Daniel clicks on button that shows us the form to JOIN, Daniel enters 'Daniel' into input for first name, Daniel enters 'Gallego' into input for lastname, Daniel enters 'asddaeqe123-@yopmail.com' into input for email address, Daniel select December on input for month of birth, Daniel select 18 on input for day of birth, Daniel select 1995 on input for year of bearth, Daniel clicks on button for next page, Daniel enters 'Medellin' into input for city, Daniel enters '50016' into input for postal code, Daniel clicks on box for country, Daniel clicks on item of list of countries, Daniel clicks on button for next page, Daniel clicks on box for mobile device, Daniel clicks on item of list of devices, Daniel clicks on box for model device, Daniel clicks on item of list for model device, Daniel clicks on box for OS device]]
[Test worker] WARN net.thucydides.core.steps.BaseStepListener - stepStarted: net.thucydides.core.steps.ExecutedStepDescription@4eb78e49
[Test worker] WARN net.thucydides.core.steps.BaseStepListener - stepFinished: current outcome:Join the world's largest community of testers:Given than Daniel wants to be part of the world's largest independent software tester community
| strFirstName | strLastName | strEmailAddress | strMonthOfBird | intDayOfBird | intYearOfBird | strCity | intPostalCode | strCountry | strYourComputer | intVersion | strLanguage | strYourMobileDevice | strModel | strOperatingSystem | strPassword | strConfirmPassword |
| Daniel | Gallego | asddaeqe123-@yopmail.com | December | 18 | 1995 | Medellin | 050016 | Colombia | Windows | 10 | Spanish | Samsung | S20 Plus | Android 10 | 1026154371.Dego* | 1026154371.Dego* | [Daniel open up [Daniel opens the Utest academy page], Daniel join [Daniel clicks on button that shows us the form to JOIN, Daniel enters 'Daniel' into input for first name, Daniel enters 'Gallego' into input for lastname, Daniel enters 'asddaeqe123-@yopmail.com' into input for email address, Daniel select December on input for month of birth, Daniel select 18 on input for day of birth, Daniel select 1995 on input for year of bearth, Daniel clicks on button for next page, Daniel enters 'Medellin' into input for city, Daniel enters '50016' into input for postal code, Daniel clicks on box for country, Daniel clicks on item of list of countries, Daniel clicks on button for next page, Daniel clicks on box for mobile device, Daniel clicks on item of list of devices, Daniel clicks on box for model device, Daniel clicks on item of list for model device, Daniel clicks on box for OS device, Daniel clicks on item of list of OS device]]
[Test worker] WARN net.thucydides.core.steps.BaseStepListener - stepStarted: net.thucydides.core.steps.ExecutedStepDescription@3064cfdd
[Test worker] WARN net.thucydides.core.steps.BaseStepListener - stepFinished: current outcome:Join the world's largest community of testers:Given than Daniel wants to be part of the world's largest independent software tester community
| strFirstName | strLastName | strEmailAddress | strMonthOfBird | intDayOfBird | intYearOfBird | strCity | intPostalCode | strCountry | strYourComputer | intVersion | strLanguage | strYourMobileDevice | strModel | strOperatingSystem | strPassword | strConfirmPassword |
| Daniel | Gallego | asddaeqe123-@yopmail.com | December | 18 | 1995 | Medellin | 050016 | Colombia | Windows | 10 | Spanish | Samsung | S20 Plus | Android 10 | 1026154371.Dego* | 1026154371.Dego* | [Daniel open up [Daniel opens the Utest academy page], Daniel join [Daniel clicks on button that shows us the form to JOIN, Daniel enters 'Daniel' into input for first name, Daniel enters 'Gallego' into input for lastname, Daniel enters 'asddaeqe123-@yopmail.com' into input for email address, Daniel select December on input for month of birth, Daniel select 18 on input for day of birth, Daniel select 1995 on input for year of bearth, Daniel clicks on button for next page, Daniel enters 'Medellin' into input for city, Daniel enters '50016' into input for postal code, Daniel clicks on box for country, Daniel clicks on item of list of countries, Daniel clicks on button for next page, Daniel clicks on box for mobile device, Daniel clicks on item of list of devices, Daniel clicks on box for model device, Daniel clicks on item of list for model device, Daniel clicks on box for OS device, Daniel clicks on item of list of OS device, Daniel clicks on Button for next paget]]
[Test worker] WARN net.thucydides.core.steps.BaseStepListener - stepStarted: net.thucydides.core.steps.ExecutedStepDescription@7df92fcf
[Test worker] WARN net.thucydides.core.steps.BaseStepListener - stepFinished: current outcome:Join the world's largest community of testers:Given than Daniel wants to be part of the world's largest independent software tester community
| strFirstName | strLastName | strEmailAddress | strMonthOfBird | intDayOfBird | intYearOfBird | strCity | intPostalCode | strCountry | strYourComputer | intVersion | strLanguage | strYourMobileDevice | strModel | strOperatingSystem | strPassword | strConfirmPassword |
| Daniel | Gallego | asddaeqe123-@yopmail.com | December | 18 | 1995 | Medellin | 050016 | Colombia | Windows | 10 | Spanish | Samsung | S20 Plus | Android 10 | 1026154371.Dego* | 1026154371.Dego* | [Daniel open up [Daniel opens the Utest academy page], Daniel join [Daniel clicks on button that shows us the form to JOIN, Daniel enters 'Daniel' into input for first name, Daniel enters 'Gallego' into input for lastname, Daniel enters 'asddaeqe123-@yopmail.com' into input for email address, Daniel select December on input for month of birth, Daniel select 18 on input for day of birth, Daniel select 1995 on input for year of bearth, Daniel clicks on button for next page, Daniel enters 'Medellin' into input for city, Daniel enters '50016' into input for postal code, Daniel clicks on box for country, Daniel clicks on item of list of countries, Daniel clicks on button for next page, Daniel clicks on box for mobile device, Daniel clicks on item of list of devices, Daniel clicks on box for model device, Daniel clicks on item of list for model device, Daniel clicks on box for OS device, Daniel clicks on item of list of OS device, Daniel clicks on Button for next paget, Daniel enters '1026154371.Dego*' into input for new password]]
[Test worker] WARN net.thucydides.core.steps.BaseStepListener - stepStarted: net.thucydides.core.steps.ExecutedStepDescription@65360306
[Test worker] WARN net.thucydides.core.steps.BaseStepListener - stepFinished: current outcome:Join the world's largest community of testers:Given than Daniel wants to be part of the world's largest independent software tester community
| strFirstName | strLastName | strEmailAddress | strMonthOfBird | intDayOfBird | intYearOfBird | strCity | intPostalCode | strCountry | strYourComputer | intVersion | strLanguage | strYourMobileDevice | strModel | strOperatingSystem | strPassword | strConfirmPassword |
| Daniel | Gallego | asddaeqe123-@yopmail.com | December | 18 | 1995 | Medellin | 050016 | Colombia | Windows | 10 | Spanish | Samsung | S20 Plus | Android 10 | 1026154371.Dego* | 1026154371.Dego* | [Daniel open up [Daniel opens the Utest academy page], Daniel join [Daniel clicks on button that shows us the form to JOIN, Daniel enters 'Daniel' into input for first name, Daniel enters 'Gallego' into input for lastname, Daniel enters 'asddaeqe123-@yopmail.com' into input for email address, Daniel select December on input for month of birth, Daniel select 18 on input for day of birth, Daniel select 1995 on input for year of bearth, Daniel clicks on button for next page, Daniel enters 'Medellin' into input for city, Daniel enters '50016' into input for postal code, Daniel clicks on box for country, Daniel clicks on item of list of countries, Daniel clicks on button for next page, Daniel clicks on box for mobile device, Daniel clicks on item of list of devices, Daniel clicks on box for model device, Daniel clicks on item of list for model device, Daniel clicks on box for OS device, Daniel clicks on item of list of OS device, Daniel clicks on Button for next paget, Daniel enters '1026154371.Dego*' into input for new password, Daniel enters '1026154371.Dego*' into input for confirm new password]]
[Test worker] WARN net.thucydides.core.steps.BaseStepListener - stepStarted: net.thucydides.core.steps.ExecutedStepDescription@3d9cf4de
[Test worker] WARN net.thucydides.core.steps.BaseStepListener - stepFinished: current outcome:Join the world's largest community of testers:Given than Daniel wants to be part of the world's largest independent software tester community
| strFirstName | strLastName | strEmailAddress | strMonthOfBird | intDayOfBird | intYearOfBird | strCity | intPostalCode | strCountry | strYourComputer | intVersion | strLanguage | strYourMobileDevice | strModel | strOperatingSystem | strPassword | strConfirmPassword |
| Daniel | Gallego | asddaeqe123-@yopmail.com | December | 18 | 1995 | Medellin | 050016 | Colombia | Windows | 10 | Spanish | Samsung | S20 Plus | Android 10 | 1026154371.Dego* | 1026154371.Dego* | [Daniel open up [Daniel opens the Utest academy page], Daniel join [Daniel clicks on button that shows us the form to JOIN, Daniel enters 'Daniel' into input for first name, Daniel enters 'Gallego' into input for lastname, Daniel enters 'asddaeqe123-@yopmail.com' into input for email address, Daniel select December on input for month of birth, Daniel select 18 on input for day of birth, Daniel select 1995 on input for year of bearth, Daniel clicks on button for next page, Daniel enters 'Medellin' into input for city, Daniel enters '50016' into input for postal code, Daniel clicks on box for country, Daniel clicks on item of list of countries, Daniel clicks on button for next page, Daniel clicks on box for mobile device, Daniel clicks on item of list of devices, Daniel clicks on box for model device, Daniel clicks on item of list for model device, Daniel clicks on box for OS device, Daniel clicks on item of list of OS device, Daniel clicks on Button for next paget, Daniel enters '1026154371.Dego*' into input for new password, Daniel enters '1026154371.Dego*' into input for confirm new password, Daniel clicks on check stay informed]]
[Test worker] WARN net.thucydides.core.steps.BaseStepListener - stepStarted: net.thucydides.core.steps.ExecutedStepDescription@5daec154
[Test worker] WARN net.thucydides.core.steps.BaseStepListener - stepFinished: current outcome:Join the world's largest community of testers:Given than Daniel wants to be part of the world's largest independent software tester community
| strFirstName | strLastName | strEmailAddress | strMonthOfBird | intDayOfBird | intYearOfBird | strCity | intPostalCode | strCountry | strYourComputer | intVersion | strLanguage | strYourMobileDevice | strModel | strOperatingSystem | strPassword | strConfirmPassword |
| Daniel | Gallego | asddaeqe123-@yopmail.com | December | 18 | 1995 | Medellin | 050016 | Colombia | Windows | 10 | Spanish | Samsung | S20 Plus | Android 10 | 1026154371.Dego* | 1026154371.Dego* | [Daniel open up [Daniel opens the Utest academy page], Daniel join [Daniel clicks on button that shows us the form to JOIN, Daniel enters 'Daniel' into input for first name, Daniel enters 'Gallego' into input for lastname, Daniel enters 'asddaeqe123-@yopmail.com' into input for email address, Daniel select December on input for month of birth, Daniel select 18 on input for day of birth, Daniel select 1995 on input for year of bearth, Daniel clicks on button for next page, Daniel enters 'Medellin' into input for city, Daniel enters '50016' into input for postal code, Daniel clicks on box for country, Daniel clicks on item of list of countries, Daniel clicks on button for next page, Daniel clicks on box for mobile device, Daniel clicks on item of list of devices, Daniel clicks on box for model device, Daniel clicks on item of list for model device, Daniel clicks on box for OS device, Daniel clicks on item of list of OS device, Daniel clicks on Button for next paget, Daniel enters '1026154371.Dego*' into input for new password, Daniel enters '1026154371.Dego*' into input for confirm new password, Daniel clicks on check stay informed, Daniel clicks on check terms and conditions]]
[Test worker] WARN net.thucydides.core.steps.BaseStepListener - stepStarted: net.thucydides.core.steps.ExecutedStepDescription@d169f5c
[Test worker] WARN net.thucydides.core.steps.BaseStepListener - stepFinished: current outcome:Join the world's largest community of testers:Given than Daniel wants to be part of the world's largest independent software tester community
| strFirstName | strLastName | strEmailAddress | strMonthOfBird | intDayOfBird | intYearOfBird | strCity | intPostalCode | strCountry | strYourComputer | intVersion | strLanguage | strYourMobileDevice | strModel | strOperatingSystem | strPassword | strConfirmPassword |
| Daniel | Gallego | asddaeqe123-@yopmail.com | December | 18 | 1995 | Medellin | 050016 | Colombia | Windows | 10 | Spanish | Samsung | S20 Plus | Android 10 | 1026154371.Dego* | 1026154371.Dego* | [Daniel open up [Daniel opens the Utest academy page], Daniel join [Daniel clicks on button that shows us the form to JOIN, Daniel enters 'Daniel' into input for first name, Daniel enters 'Gallego' into input for lastname, Daniel enters 'asddaeqe123-@yopmail.com' into input for email address, Daniel select December on input for month of birth, Daniel select 18 on input for day of birth, Daniel select 1995 on input for year of bearth, Daniel clicks on button for next page, Daniel enters 'Medellin' into input for city, Daniel enters '50016' into input for postal code, Daniel clicks on box for country, Daniel clicks on item of list of countries, Daniel clicks on button for next page, Daniel clicks on box for mobile device, Daniel clicks on item of list of devices, Daniel clicks on box for model device, Daniel clicks on item of list for model device, Daniel clicks on box for OS device, Daniel clicks on item of list of OS device, Daniel clicks on Button for next paget, Daniel enters '1026154371.Dego*' into input for new password, Daniel enters '1026154371.Dego*' into input for confirm new password, Daniel clicks on check stay informed, Daniel clicks on check terms and conditions, Daniel clicks on check privacy]]
[Test worker] WARN net.thucydides.core.steps.BaseStepListener - stepFinished: current outcome:Join the world's largest community of testers:Given than Daniel wants to be part of the world's largest independent software tester community
| strFirstName | strLastName | strEmailAddress | strMonthOfBird | intDayOfBird | intYearOfBird | strCity | intPostalCode | strCountry | strYourComputer | intVersion | strLanguage | strYourMobileDevice | strModel | strOperatingSystem | strPassword | strConfirmPassword |
| Daniel | Gallego | asddaeqe123-@yopmail.com | December | 18 | 1995 | Medellin | 050016 | Colombia | Windows | 10 | Spanish | Samsung | S20 Plus | Android 10 | 1026154371.Dego* | 1026154371.Dego* | [Daniel open up [Daniel opens the Utest academy page], Daniel join [Daniel clicks on button that shows us the form to JOIN, Daniel enters 'Daniel' into input for first name, Daniel enters 'Gallego' into input for lastname, Daniel enters 'asddaeqe123-@yopmail.com' into input for email address, Daniel select December on input for month of birth, Daniel select 18 on input for day of birth, Daniel select 1995 on input for year of bearth, Daniel clicks on button for next page, Daniel enters 'Medellin' into input for city, Daniel enters '50016' into input for postal code, Daniel clicks on box for country, Daniel clicks on item of list of countries, Daniel clicks on button for next page, Daniel clicks on box for mobile device, Daniel clicks on item of list of devices, Daniel clicks on box for model device, Daniel clicks on item of list for model device, Daniel clicks on box for OS device, Daniel clicks on item of list of OS device, Daniel clicks on Button for next paget, Daniel enters '1026154371.Dego*' into input for new password, Daniel enters '1026154371.Dego*' into input for confirm new password, Daniel clicks on check stay informed, Daniel clicks on check terms and conditions, Daniel clicks on check privacy]]
[Test worker] WARN net.thucydides.core.steps.BaseStepListener - stepFinished: current outcome:Join the world's largest community of testers:Given than Daniel wants to be part of the world's largest independent software tester community
| strFirstName | strLastName | strEmailAddress | strMonthOfBird | intDayOfBird | intYearOfBird | strCity | intPostalCode | strCountry | strYourComputer | intVersion | strLanguage | strYourMobileDevice | strModel | strOperatingSystem | strPassword | strConfirmPassword |
| Daniel | Gallego | asddaeqe123-@yopmail.com | December | 18 | 1995 | Medellin | 050016 | Colombia | Windows | 10 | Spanish | Samsung | S20 Plus | Android 10 | 1026154371.Dego* | 1026154371.Dego* | [Daniel open up [Daniel opens the Utest academy page], Daniel join [Daniel clicks on button that shows us the form to JOIN, Daniel enters 'Daniel' into input for first name, Daniel enters 'Gallego' into input for lastname, Daniel enters 'asddaeqe123-@yopmail.com' into input for email address, Daniel select December on input for month of birth, Daniel select 18 on input for day of birth, Daniel select 1995 on input for year of bearth, Daniel clicks on button for next page, Daniel enters 'Medellin' into input for city, Daniel enters '50016' into input for postal code, Daniel clicks on box for country, Daniel clicks on item of list of countries, Daniel clicks on button for next page, Daniel clicks on box for mobile device, Daniel clicks on item of list of devices, Daniel clicks on box for model device, Daniel clicks on item of list for model device, Daniel clicks on box for OS device, Daniel clicks on item of list of OS device, Daniel clicks on Button for next paget, Daniel enters '1026154371.Dego*' into input for new password, Daniel enters '1026154371.Dego*' into input for confirm new password, Daniel clicks on check stay informed, Daniel clicks on check terms and conditions, Daniel clicks on check privacy]]
[Test worker] WARN net.thucydides.core.steps.BaseStepListener - stepStarted: net.thucydides.core.steps.ExecutedStepDescription@50360444
[Test worker] WARN net.thucydides.core.steps.BaseStepListener - stepStarted: net.thucydides.core.steps.ExecutedStepDescription@6fedf2a0
[Test worker] WARN net.thucydides.core.steps.BaseStepListener - stepStarted: net.thucydides.core.steps.ExecutedStepDescription@719e9a31
[Test worker] WARN net.thucydides.core.steps.BaseStepListener - stepFinished: current outcome:Join the world's largest community of testers:Given than Daniel wants to be part of the world's largest independent software tester community
| strFirstName | strLastName | strEmailAddress | strMonthOfBird | intDayOfBird | intYearOfBird | strCity | intPostalCode | strCountry | strYourComputer | intVersion | strLanguage | strYourMobileDevice | strModel | strOperatingSystem | strPassword | strConfirmPassword |
| Daniel | Gallego | asddaeqe123-@yopmail.com | December | 18 | 1995 | Medellin | 050016 | Colombia | Windows | 10 | Spanish | Samsung | S20 Plus | Android 10 | 1026154371.Dego* | 1026154371.Dego* | [Daniel open up [Daniel opens the Utest academy page], Daniel join [Daniel clicks on button that shows us the form to JOIN, Daniel enters 'Daniel' into input for first name, Daniel enters 'Gallego' into input for lastname, Daniel enters 'asddaeqe123-@yopmail.com' into input for email address, Daniel select December on input for month of birth, Daniel select 18 on input for day of birth, Daniel select 1995 on input for year of bearth, Daniel clicks on button for next page, Daniel enters 'Medellin' into input for city, Daniel enters '50016' into input for postal code, Daniel clicks on box for country, Daniel clicks on item of list of countries, Daniel clicks on button for next page, Daniel clicks on box for mobile device, Daniel clicks on item of list of devices, Daniel clicks on box for model device, Daniel clicks on item of list for model device, Daniel clicks on box for OS device, Daniel clicks on item of list of OS device, Daniel clicks on Button for next paget, Daniel enters '1026154371.Dego*' into input for new password, Daniel enters '1026154371.Dego*' into input for confirm new password, Daniel clicks on check stay informed, Daniel clicks on check terms and conditions, Daniel clicks on check privacy]], When he enters the world's largest community of freelance software testers
| strUser | strPassword |
| destivengoo3@gmail.com | 24368740.Blanca | [Daniel login [Daniel clicks on Buton for Login Page]]
[Test worker] WARN net.thucydides.core.steps.BaseStepListener - stepStarted: net.thucydides.core.steps.ExecutedStepDescription@9e9d6f8
[Test worker] WARN net.thucydides.core.steps.BaseStepListener - stepFinished: current outcome:Join the world's largest community of testers:Given than Daniel wants to be part of the world's largest independent software tester community
| strFirstName | strLastName | strEmailAddress | strMonthOfBird | intDayOfBird | intYearOfBird | strCity | intPostalCode | strCountry | strYourComputer | intVersion | strLanguage | strYourMobileDevice | strModel | strOperatingSystem | strPassword | strConfirmPassword |
| Daniel | Gallego | asddaeqe123-@yopmail.com | December | 18 | 1995 | Medellin | 050016 | Colombia | Windows | 10 | Spanish | Samsung | S20 Plus | Android 10 | 1026154371.Dego* | 1026154371.Dego* | [Daniel open up [Daniel opens the Utest academy page], Daniel join [Daniel clicks on button that shows us the form to JOIN, Daniel enters 'Daniel' into input for first name, Daniel enters 'Gallego' into input for lastname, Daniel enters 'asddaeqe123-@yopmail.com' into input for email address, Daniel select December on input for month of birth, Daniel select 18 on input for day of birth, Daniel select 1995 on input for year of bearth, Daniel clicks on button for next page, Daniel enters 'Medellin' into input for city, Daniel enters '50016' into input for postal code, Daniel clicks on box for country, Daniel clicks on item of list of countries, Daniel clicks on button for next page, Daniel clicks on box for mobile device, Daniel clicks on item of list of devices, Daniel clicks on box for model device, Daniel clicks on item of list for model device, Daniel clicks on box for OS device, Daniel clicks on item of list of OS device, Daniel clicks on Button for next paget, Daniel enters '1026154371.Dego*' into input for new password, Daniel enters '1026154371.Dego*' into input for confirm new password, Daniel clicks on check stay informed, Daniel clicks on check terms and conditions, Daniel clicks on check privacy]], When he enters the world's largest community of freelance software testers
| strUser | strPassword |
| destivengoo3@gmail.com | 24368740.Blanca | [Daniel login [Daniel clicks on Buton for Login Page, Daniel enters 'destivengoo3@gmail.com' into input for username]]
[Test worker] WARN net.thucydides.core.steps.BaseStepListener - stepStarted: net.thucydides.core.steps.ExecutedStepDescription@7d476824
[Test worker] WARN net.thucydides.core.steps.BaseStepListener - stepFinished: current outcome:Join the world's largest community of testers:Given than Daniel wants to be part of the world's largest independent software tester community
| strFirstName | strLastName | strEmailAddress | strMonthOfBird | intDayOfBird | intYearOfBird | strCity | intPostalCode | strCountry | strYourComputer | intVersion | strLanguage | strYourMobileDevice | strModel | strOperatingSystem | strPassword | strConfirmPassword |
| Daniel | Gallego | asddaeqe123-@yopmail.com | December | 18 | 1995 | Medellin | 050016 | Colombia | Windows | 10 | Spanish | Samsung | S20 Plus | Android 10 | 1026154371.Dego* | 1026154371.Dego* | [Daniel open up [Daniel opens the Utest academy page], Daniel join [Daniel clicks on button that shows us the form to JOIN, Daniel enters 'Daniel' into input for first name, Daniel enters 'Gallego' into input for lastname, Daniel enters 'asddaeqe123-@yopmail.com' into input for email address, Daniel select December on input for month of birth, Daniel select 18 on input for day of birth, Daniel select 1995 on input for year of bearth, Daniel clicks on button for next page, Daniel enters 'Medellin' into input for city, Daniel enters '50016' into input for postal code, Daniel clicks on box for country, Daniel clicks on item of list of countries, Daniel clicks on button for next page, Daniel clicks on box for mobile device, Daniel clicks on item of list of devices, Daniel clicks on box for model device, Daniel clicks on item of list for model device, Daniel clicks on box for OS device, Daniel clicks on item of list of OS device, Daniel clicks on Button for next paget, Daniel enters '1026154371.Dego*' into input for new password, Daniel enters '1026154371.Dego*' into input for confirm new password, Daniel clicks on check stay informed, Daniel clicks on check terms and conditions, Daniel clicks on check privacy]], When he enters the world's largest community of freelance software testers
| strUser | strPassword |
| destivengoo3@gmail.com | 24368740.Blanca | [Daniel login [Daniel clicks on Buton for Login Page, Daniel enters 'destivengoo3@gmail.com' into input for username, Daniel enters '24368740.Blanca' into input for password]]
[Test worker] WARN net.thucydides.core.steps.BaseStepListener - stepStarted: net.thucydides.core.steps.ExecutedStepDescription@5f3fe69d
[Test worker] WARN net.thucydides.core.steps.BaseStepListener - stepFinished: current outcome:Join the world's largest community of testers:Given than Daniel wants to be part of the world's largest independent software tester community
| strFirstName | strLastName | strEmailAddress | strMonthOfBird | intDayOfBird | intYearOfBird | strCity | intPostalCode | strCountry | strYourComputer | intVersion | strLanguage | strYourMobileDevice | strModel | strOperatingSystem | strPassword | strConfirmPassword |
| Daniel | Gallego | asddaeqe123-@yopmail.com | December | 18 | 1995 | Medellin | 050016 | Colombia | Windows | 10 | Spanish | Samsung | S20 Plus | Android 10 | 1026154371.Dego* | 1026154371.Dego* | [Daniel open up [Daniel opens the Utest academy page], Daniel join [Daniel clicks on button that shows us the form to JOIN, Daniel enters 'Daniel' into input for first name, Daniel enters 'Gallego' into input for lastname, Daniel enters 'asddaeqe123-@yopmail.com' into input for email address, Daniel select December on input for month of birth, Daniel select 18 on input for day of birth, Daniel select 1995 on input for year of bearth, Daniel clicks on button for next page, Daniel enters 'Medellin' into input for city, Daniel enters '50016' into input for postal code, Daniel clicks on box for country, Daniel clicks on item of list of countries, Daniel clicks on button for next page, Daniel clicks on box for mobile device, Daniel clicks on item of list of devices, Daniel clicks on box for model device, Daniel clicks on item of list for model device, Daniel clicks on box for OS device, Daniel clicks on item of list of OS device, Daniel clicks on Button for next paget, Daniel enters '1026154371.Dego*' into input for new password, Daniel enters '1026154371.Dego*' into input for confirm new password, Daniel clicks on check stay informed, Daniel clicks on check terms and conditions, Daniel clicks on check privacy]], When he enters the world's largest community of freelance software testers
| strUser | strPassword |
| destivengoo3@gmail.com | 24368740.Blanca | [Daniel login [Daniel clicks on Buton for Login Page, Daniel enters 'destivengoo3@gmail.com' into input for username, Daniel enters '24368740.Blanca' into input for password, Daniel clicks on button for login]]
[Test worker] WARN net.thucydides.core.steps.BaseStepListener - stepFinished: current outcome:Join the world's largest community of testers:Given than Daniel wants to be part of the world's largest independent software tester community
| strFirstName | strLastName | strEmailAddress | strMonthOfBird | intDayOfBird | intYearOfBird | strCity | intPostalCode | strCountry | strYourComputer | intVersion | strLanguage | strYourMobileDevice | strModel | strOperatingSystem | strPassword | strConfirmPassword |
| Daniel | Gallego | asddaeqe123-@yopmail.com | December | 18 | 1995 | Medellin | 050016 | Colombia | Windows | 10 | Spanish | Samsung | S20 Plus | Android 10 | 1026154371.Dego* | 1026154371.Dego* | [Daniel open up [Daniel opens the Utest academy page], Daniel join [Daniel clicks on button that shows us the form to JOIN, Daniel enters 'Daniel' into input for first name, Daniel enters 'Gallego' into input for lastname, Daniel enters 'asddaeqe123-@yopmail.com' into input for email address, Daniel select December on input for month of birth, Daniel select 18 on input for day of birth, Daniel select 1995 on input for year of bearth, Daniel clicks on button for next page, Daniel enters 'Medellin' into input for city, Daniel enters '50016' into input for postal code, Daniel clicks on box for country, Daniel clicks on item of list of countries, Daniel clicks on button for next page, Daniel clicks on box for mobile device, Daniel clicks on item of list of devices, Daniel clicks on box for model device, Daniel clicks on item of list for model device, Daniel clicks on box for OS device, Daniel clicks on item of list of OS device, Daniel clicks on Button for next paget, Daniel enters '1026154371.Dego*' into input for new password, Daniel enters '1026154371.Dego*' into input for confirm new password, Daniel clicks on check stay informed, Daniel clicks on check terms and conditions, Daniel clicks on check privacy]], When he enters the world's largest community of freelance software testers
| strUser | strPassword |
| destivengoo3@gmail.com | 24368740.Blanca | [Daniel login [Daniel clicks on Buton for Login Page, Daniel enters 'destivengoo3@gmail.com' into input for username, Daniel enters '24368740.Blanca' into input for password, Daniel clicks on button for login]]
[Test worker] WARN net.thucydides.core.steps.BaseStepListener - stepFinished: current outcome:Join the world's largest community of testers:Given than Daniel wants to be part of the world's largest independent software tester community
| strFirstName | strLastName | strEmailAddress | strMonthOfBird | intDayOfBird | intYearOfBird | strCity | intPostalCode | strCountry | strYourComputer | intVersion | strLanguage | strYourMobileDevice | strModel | strOperatingSystem | strPassword | strConfirmPassword |
| Daniel | Gallego | asddaeqe123-@yopmail.com | December | 18 | 1995 | Medellin | 050016 | Colombia | Windows | 10 | Spanish | Samsung | S20 Plus | Android 10 | 1026154371.Dego* | 1026154371.Dego* | [Daniel open up [Daniel opens the Utest academy page], Daniel join [Daniel clicks on button that shows us the form to JOIN, Daniel enters 'Daniel' into input for first name, Daniel enters 'Gallego' into input for lastname, Daniel enters 'asddaeqe123-@yopmail.com' into input for email address, Daniel select December on input for month of birth, Daniel select 18 on input for day of birth, Daniel select 1995 on input for year of bearth, Daniel clicks on button for next page, Daniel enters 'Medellin' into input for city, Daniel enters '50016' into input for postal code, Daniel clicks on box for country, Daniel clicks on item of list of countries, Daniel clicks on button for next page, Daniel clicks on box for mobile device, Daniel clicks on item of list of devices, Daniel clicks on box for model device, Daniel clicks on item of list for model device, Daniel clicks on box for OS device, Daniel clicks on item of list of OS device, Daniel clicks on Button for next paget, Daniel enters '1026154371.Dego*' into input for new password, Daniel enters '1026154371.Dego*' into input for confirm new password, Daniel clicks on check stay informed, Daniel clicks on check terms and conditions, Daniel clicks on check privacy]], When he enters the world's largest community of freelance software testers
| strUser | strPassword |
| destivengoo3@gmail.com | 24368740.Blanca | [Daniel login [Daniel clicks on Buton for Login Page, Daniel enters 'destivengoo3@gmail.com' into input for username, Daniel enters '24368740.Blanca' into input for password, Daniel clicks on button for login]]
[Test worker] WARN net.thucydides.core.steps.BaseStepListener - stepStarted: net.thucydides.core.steps.ExecutedStepDescription@c8b3440
[Test worker] WARN net.thucydides.core.steps.BaseStepListener - stepStarted: net.thucydides.core.steps.ExecutedStepDescription@304f1283
[Test worker] WARN net.thucydides.core.steps.BaseStepListener - stepFinished: current outcome:Join the world's largest community of testers:Given than Daniel wants to be part of the world's largest independent software tester community
| strFirstName | strLastName | strEmailAddress | strMonthOfBird | intDayOfBird | intYearOfBird | strCity | intPostalCode | strCountry | strYourComputer | intVersion | strLanguage | strYourMobileDevice | strModel | strOperatingSystem | strPassword | strConfirmPassword |
| Daniel | Gallego | asddaeqe123-@yopmail.com | December | 18 | 1995 | Medellin | 050016 | Colombia | Windows | 10 | Spanish | Samsung | S20 Plus | Android 10 | 1026154371.Dego* | 1026154371.Dego* | [Daniel open up [Daniel opens the Utest academy page], Daniel join [Daniel clicks on button that shows us the form to JOIN, Daniel enters 'Daniel' into input for first name, Daniel enters 'Gallego' into input for lastname, Daniel enters 'asddaeqe123-@yopmail.com' into input for email address, Daniel select December on input for month of birth, Daniel select 18 on input for day of birth, Daniel select 1995 on input for year of bearth, Daniel clicks on button for next page, Daniel enters 'Medellin' into input for city, Daniel enters '50016' into input for postal code, Daniel clicks on box for country, Daniel clicks on item of list of countries, Daniel clicks on button for next page, Daniel clicks on box for mobile device, Daniel clicks on item of list of devices, Daniel clicks on box for model device, Daniel clicks on item of list for model device, Daniel clicks on box for OS device, Daniel clicks on item of list of OS device, Daniel clicks on Button for next paget, Daniel enters '1026154371.Dego*' into input for new password, Daniel enters '1026154371.Dego*' into input for confirm new password, Daniel clicks on check stay informed, Daniel clicks on check terms and conditions, Daniel clicks on check privacy]], When he enters the world's largest community of freelance software testers
| strUser | strPassword |
| destivengoo3@gmail.com | 24368740.Blanca | [Daniel login [Daniel clicks on Buton for Login Page, Daniel enters 'destivengoo3@gmail.com' into input for username, Daniel enters '24368740.Blanca' into input for password, Daniel clicks on button for login]], Then he finds that he is already part of the world's largest community of freelance software testers
| strMessage |
| destivengoo3@gmail.com | [Then answer]
[Test worker] WARN net.thucydides.core.steps.BaseStepListener - stepFinished: current outcome:Join the world's largest community of testers:Given than Daniel wants to be part of the world's largest independent software tester community
| strFirstName | strLastName | strEmailAddress | strMonthOfBird | intDayOfBird | intYearOfBird | strCity | intPostalCode | strCountry | strYourComputer | intVersion | strLanguage | strYourMobileDevice | strModel | strOperatingSystem | strPassword | strConfirmPassword |
| Daniel | Gallego | asddaeqe123-@yopmail.com | December | 18 | 1995 | Medellin | 050016 | Colombia | Windows | 10 | Spanish | Samsung | S20 Plus | Android 10 | 1026154371.Dego* | 1026154371.Dego* | [Daniel open up [Daniel opens the Utest academy page], Daniel join [Daniel clicks on button that shows us the form to JOIN, Daniel enters 'Daniel' into input for first name, Daniel enters 'Gallego' into input for lastname, Daniel enters 'asddaeqe123-@yopmail.com' into input for email address, Daniel select December on input for month of birth, Daniel select 18 on input for day of birth, Daniel select 1995 on input for year of bearth, Daniel clicks on button for next page, Daniel enters 'Medellin' into input for city, Daniel enters '50016' into input for postal code, Daniel clicks on box for country, Daniel clicks on item of list of countries, Daniel clicks on button for next page, Daniel clicks on box for mobile device, Daniel clicks on item of list of devices, Daniel clicks on box for model device, Daniel clicks on item of list for model device, Daniel clicks on box for OS device, Daniel clicks on item of list of OS device, Daniel clicks on Button for next paget, Daniel enters '1026154371.Dego*' into input for new password, Daniel enters '1026154371.Dego*' into input for confirm new password, Daniel clicks on check stay informed, Daniel clicks on check terms and conditions, Daniel clicks on check privacy]], When he enters the world's largest community of freelance software testers
| strUser | strPassword |
| destivengoo3@gmail.com | 24368740.Blanca | [Daniel login [Daniel clicks on Buton for Login Page, Daniel enters 'destivengoo3@gmail.com' into input for username, Daniel enters '24368740.Blanca' into input for password, Daniel clicks on button for login]], Then he finds that he is already part of the world's largest community of freelance software testers
| strMessage |
| destivengoo3@gmail.com | [Then answer]
[Test worker] WARN net.thucydides.core.steps.BaseStepListener - testFinished: Join the world's largest community of testers:Given than Daniel wants to be part of the world's largest independent software tester community
| strFirstName | strLastName | strEmailAddress | strMonthOfBird | intDayOfBird | intYearOfBird | strCity | intPostalCode | strCountry | strYourComputer | intVersion | strLanguage | strYourMobileDevice | strModel | strOperatingSystem | strPassword | strConfirmPassword |
| Daniel | Gallego | asddaeqe123-@yopmail.com | December | 18 | 1995 | Medellin | 050016 | Colombia | Windows | 10 | Spanish | Samsung | S20 Plus | Android 10 | 1026154371.Dego* | 1026154371.Dego* | [Daniel open up [Daniel opens the Utest academy page], Daniel join [Daniel clicks on button that shows us the form to JOIN, Daniel enters 'Daniel' into input for first name, Daniel enters 'Gallego' into input for lastname, Daniel enters 'asddaeqe123-@yopmail.com' into input for email address, Daniel select December on input for month of birth, Daniel select 18 on input for day of birth, Daniel select 1995 on input for year of bearth, Daniel clicks on button for next page, Daniel enters 'Medellin' into input for city, Daniel enters '50016' into input for postal code, Daniel clicks on box for country, Daniel clicks on item of list of countries, Daniel clicks on button for next page, Daniel clicks on box for mobile device, Daniel clicks on item of list of devices, Daniel clicks on box for model device, Daniel clicks on item of list for model device, Daniel clicks on box for OS device, Daniel clicks on item of list of OS device, Daniel clicks on Button for next paget, Daniel enters '1026154371.Dego*' into input for new password, Daniel enters '1026154371.Dego*' into input for confirm new password, Daniel clicks on check stay informed, Daniel clicks on check terms and conditions, Daniel clicks on check privacy]], When he enters the world's largest community of freelance software testers
| strUser | strPassword |
| destivengoo3@gmail.com | 24368740.Blanca | [Daniel login [Daniel clicks on Buton for Login Page, Daniel enters 'destivengoo3@gmail.com' into input for username, Daniel enters '24368740.Blanca' into input for password, Daniel clicks on button for login]], Then he finds that he is already part of the world's largest community of freelance software testers
| strMessage |
| destivengoo3@gmail.com | [Then answer]
[Test worker] WARN net.thucydides.core.steps.BaseStepListener - TestOutcomes: [Join the world's largest community of testers:Given than Daniel wants to be part of the world's largest independent software tester community
| strFirstName | strLastName | strEmailAddress | strMonthOfBird | intDayOfBird | intYearOfBird | strCity | intPostalCode | strCountry | strYourComputer | intVersion | strLanguage | strYourMobileDevice | strModel | strOperatingSystem | strPassword | strConfirmPassword |
| Daniel | Gallego | asddaeqe123-@yopmail.com | December | 18 | 1995 | Medellin | 050016 | Colombia | Windows | 10 | Spanish | Samsung | S20 Plus | Android 10 | 1026154371.Dego* | 1026154371.Dego* | [Daniel open up [Daniel opens the Utest academy page], Daniel join [Daniel clicks on button that shows us the form to JOIN, Daniel enters 'Daniel' into input for first name, Daniel enters 'Gallego' into input for lastname, Daniel enters 'asddaeqe123-@yopmail.com' into input for email address, Daniel select December on input for month of birth, Daniel select 18 on input for day of birth, Daniel select 1995 on input for year of bearth, Daniel clicks on button for next page, Daniel enters 'Medellin' into input for city, Daniel enters '50016' into input for postal code, Daniel clicks on box for country, Daniel clicks on item of list of countries, Daniel clicks on button for next page, Daniel clicks on box for mobile device, Daniel clicks on item of list of devices, Daniel clicks on box for model device, Daniel clicks on item of list for model device, Daniel clicks on box for OS device, Daniel clicks on item of list of OS device, Daniel clicks on Button for next paget, Daniel enters '1026154371.Dego*' into input for new password, Daniel enters '1026154371.Dego*' into input for confirm new password, Daniel clicks on check stay informed, Daniel clicks on check terms and conditions, Daniel clicks on check privacy]], When he enters the world's largest community of freelance software testers
| strUser | strPassword |
| destivengoo3@gmail.com | 24368740.Blanca | [Daniel login [Daniel clicks on Buton for Login Page, Daniel enters 'destivengoo3@gmail.com' into input for username, Daniel enters '24368740.Blanca' into input for password, Daniel clicks on button for login]], Then he finds that he is already part of the world's largest community of freelance software testers
| strMessage |
| destivengoo3@gmail.com | [Then answer]]
[Test worker] WARN net.thucydides.core.steps.BaseStepListener - Final testOutcomes: [Join the world's largest community of testers:Given than Daniel wants to be part of the world's largest independent software tester community
| strFirstName | strLastName | strEmailAddress | strMonthOfBird | intDayOfBird | intYearOfBird | strCity | intPostalCode | strCountry | strYourComputer | intVersion | strLanguage | strYourMobileDevice | strModel | strOperatingSystem | strPassword | strConfirmPassword |
| Daniel | Gallego | asddaeqe123-@yopmail.com | December | 18 | 1995 | Medellin | 050016 | Colombia | Windows | 10 | Spanish | Samsung | S20 Plus | Android 10 | 1026154371.Dego* | 1026154371.Dego* | [Daniel open up [Daniel opens the Utest academy page], Daniel join [Daniel clicks on button that shows us the form to JOIN, Daniel enters 'Daniel' into input for first name, Daniel enters 'Gallego' into input for lastname, Daniel enters 'asddaeqe123-@yopmail.com' into input for email address, Daniel select December on input for month of birth, Daniel select 18 on input for day of birth, Daniel select 1995 on input for year of bearth, Daniel clicks on button for next page, Daniel enters 'Medellin' into input for city, Daniel enters '50016' into input for postal code, Daniel clicks on box for country, Daniel clicks on item of list of countries, Daniel clicks on button for next page, Daniel clicks on box for mobile device, Daniel clicks on item of list of devices, Daniel clicks on box for model device, Daniel clicks on item of list for model device, Daniel clicks on box for OS device, Daniel clicks on item of list of OS device, Daniel clicks on Button for next paget, Daniel enters '1026154371.Dego*' into input for new password, Daniel enters '1026154371.Dego*' into input for confirm new password, Daniel clicks on check stay informed, Daniel clicks on check terms and conditions, Daniel clicks on check privacy]], When he enters the world's largest community of freelance software testers
| strUser | strPassword |
| destivengoo3@gmail.com | 24368740.Blanca | [Daniel login [Daniel clicks on Buton for Login Page, Daniel enters 'destivengoo3@gmail.com' into input for username, Daniel enters '24368740.Blanca' into input for password, Daniel clicks on button for login]], Then he finds that he is already part of the world's largest community of freelance software testers
| strMessage |
| destivengoo3@gmail.com | [Then answer]]
[Test worker] INFO net.thucydides.core.steps.ConsoleLoggingListener - 
        __    _____ _____ ____ _____   ____   _    ____  ____  _____ ____  
  _     \ \  |_   _| ____/ ___|_   _| |  _ \ / \  / ___|/ ___|| ____|  _ \ 
 (_)_____| |   | | |  _| \___ \ | |   | |_) / _ \ \___ \\___ \|  _| | | | |
  _|_____| |   | | | |___ ___) || |   |  __/ ___ \ ___) |___) | |___| |_| |
 (_)     | |   |_| |_____|____/ |_|   |_| /_/   \_\____/|____/|_____|____/ 
        /_/                                                                

TEST PASSED: Join the world's largest community of testers
----------------------------------------------------------------------------
]]></system-err>
</testsuite>
